<?xml version="1.0" encoding="UTF-8"?>
<testng-results ignored="0" total="2" passed="2" failed="0" skipped="0">
  <reporter-output>
  </reporter-output>
  <suite started-at="2026-04-06T00:14:38 BDT" name="Esales Suite" finished-at="2026-04-06T00:15:15 BDT" duration-ms="36498">
    <groups>
    </groups>
    <test started-at="2026-04-06T00:14:38 BDT" name="Esales_Test" finished-at="2026-04-06T00:15:15 BDT" duration-ms="36498">
      <class name="com.example.my_maven_project.testcase.Login_Page_Testcase">
        <test-method is-config="true" signature="Setup()[pri:0, instance:com.example.my_maven_project.testcase.Login_Page_Testcase@815b41f]" started-at="2026-04-06T00:14:35 BDT" name="Setup" finished-at="2026-04-06T00:14:38 BDT" duration-ms="2692" status="PASS">
          <reporter-output>
          </reporter-output>
        </test-method> <!-- Setup -->
        <test-method signature="click_Right_Username_Password()[pri:7, instance:com.example.my_maven_project.testcase.Login_Page_Testcase@815b41f]" started-at="2026-04-06T00:14:38 BDT" name="click_Right_Username_Password" finished-at="2026-04-06T00:14:52 BDT" duration-ms="13866" status="PASS">
          <reporter-output>
          </reporter-output>
        </test-method> <!-- click_Right_Username_Password -->
        <test-method is-config="true" signature="teardown()[pri:0, instance:com.example.my_maven_project.testcase.Login_Page_Testcase@815b41f]" started-at="2026-04-06T00:15:15 BDT" name="teardown" finished-at="2026-04-06T00:15:15 BDT" duration-ms="375" status="PASS">
          <reporter-output>
          </reporter-output>
        </test-method> <!-- teardown -->
      </class> <!-- com.example.my_maven_project.testcase.Login_Page_Testcase -->
      <class name="com.example.my_maven_project.testcase.Transfer_ThanaTestCase">
        <test-method signature="all_fields_valid()[pri:3, instance:com.example.my_maven_project.testcase.Transfer_ThanaTestCase@1f2586d6]" started-at="2026-04-06T00:14:52 BDT" name="all_fields_valid" finished-at="2026-04-06T00:15:15 BDT" duration-ms="22510" status="PASS">
          <reporter-output>
          </reporter-output>
        </test-method> <!-- all_fields_valid -->
      </class> <!-- com.example.my_maven_project.testcase.Transfer_ThanaTestCase -->
    </test> <!-- Esales_Test -->
  </suite> <!-- Esales Suite -->
</testng-results>
