<?xml version="1.0" encoding="UTF-8"?>
<testng-results ignored="0" total="3" passed="3" failed="0" skipped="0">
  <reporter-output>
  </reporter-output>
  <suite started-at="2026-03-01T03:14:19 PST" name="Esales Suite" finished-at="2026-03-01T03:16:05 PST" duration-ms="105627">
    <groups>
    </groups>
    <test started-at="2026-03-01T03:14:19 PST" name="Esales_Test" finished-at="2026-03-01T03:16:05 PST" duration-ms="105627">
      <class name="com.example.my_maven_project.testcase.Login_Page_Testcase">
        <test-method is-config="true" signature="Setup()[pri:0, instance:com.example.my_maven_project.testcase.Login_Page_Testcase@5542c4ed]" started-at="2026-03-01T03:14:16 PST" name="Setup" finished-at="2026-03-01T03:14:19 PST" duration-ms="3408" status="PASS">
          <reporter-output>
          </reporter-output>
        </test-method> <!-- Setup -->
        <test-method signature="click_Right_Username_Password()[pri:7, instance:com.example.my_maven_project.testcase.Login_Page_Testcase@5542c4ed]" started-at="2026-03-01T03:14:19 PST" name="click_Right_Username_Password" finished-at="2026-03-01T03:14:44 PST" duration-ms="24947" status="PASS">
          <reporter-output>
          </reporter-output>
        </test-method> <!-- click_Right_Username_Password -->
        <test-method is-config="true" signature="teardown()[pri:0, instance:com.example.my_maven_project.testcase.Login_Page_Testcase@5542c4ed]" started-at="2026-03-01T03:16:05 PST" name="teardown" finished-at="2026-03-01T03:16:06 PST" duration-ms="378" status="PASS">
          <reporter-output>
          </reporter-output>
        </test-method> <!-- teardown -->
      </class> <!-- com.example.my_maven_project.testcase.Login_Page_Testcase -->
      <class name="com.example.my_maven_project.testcase.Special_Group_Testcase">
        <test-method signature="click_edit_all_field_with_proper_data()[pri:15, instance:com.example.my_maven_project.testcase.Special_Group_Testcase@10683d9d]" started-at="2026-03-01T03:14:44 PST" name="click_edit_all_field_with_proper_data" finished-at="2026-03-01T03:15:49 PST" duration-ms="64595" status="PASS">
          <reporter-output>
          </reporter-output>
        </test-method> <!-- click_edit_all_field_with_proper_data -->
        <test-method signature="click_delete_special_group()[pri:16, instance:com.example.my_maven_project.testcase.Special_Group_Testcase@10683d9d]" started-at="2026-03-01T03:15:49 PST" name="click_delete_special_group" finished-at="2026-03-01T03:16:05 PST" duration-ms="15953" status="PASS">
          <reporter-output>
          </reporter-output>
        </test-method> <!-- click_delete_special_group -->
      </class> <!-- com.example.my_maven_project.testcase.Special_Group_Testcase -->
    </test> <!-- Esales_Test -->
  </suite> <!-- Esales Suite -->
</testng-results>
