<?xml version="1.0" encoding="UTF-8"?>
<!-- Generated by org.testng.reporters.JUnitReportReporter -->
<testsuite hostname="DESKTOP-J8P67SI" failures="0" tests="2" name="com.example.my_maven_project.testcase.Vat_Executing_Testcase" time="62.108" errors="0" timestamp="2026-03-08T04:23:00 PDT" skipped="0">
  <testcase classname="com.example.my_maven_project.testcase.Vat_Executing_Testcase" name="click_Filter_productBrand_with_properData_Vat_Executing" time="35.630"/>
  <testcase classname="com.example.my_maven_project.testcase.Vat_Executing_Testcase" name="click_Filter_with_properData_Vat_Executing" time="26.478"/>
</testsuite> <!-- com.example.my_maven_project.testcase.Vat_Executing_Testcase -->
