<?xml version="1.0" encoding="UTF-8"?>
<!-- Generated by org.testng.reporters.JUnitReportReporter -->
<testsuite hostname="DESKTOP-J8P67SI" failures="0" tests="5" name="com.example.my_maven_project.testcase.Dashboard_Testcase" time="149.304" errors="0" timestamp="2026-02-21T13:54:49 PST" skipped="0">
  <testcase classname="com.example.my_maven_project.testcase.Dashboard_Testcase" name="click_Blank_Region" time="25.897"/>
  <testcase classname="com.example.my_maven_project.testcase.Dashboard_Testcase" name="click_Region" time="29.060"/>
  <testcase classname="com.example.my_maven_project.testcase.Dashboard_Testcase" name="click_Area_Office" time="32.220"/>
  <testcase classname="com.example.my_maven_project.testcase.Dashboard_Testcase" name="click_Source" time="24.219"/>
  <testcase classname="com.example.my_maven_project.testcase.Dashboard_Testcase" name="click_All_Dashboard_Item" time="37.908"/>
</testsuite> <!-- com.example.my_maven_project.testcase.Dashboard_Testcase -->
