<?xml version="1.0" encoding="UTF-8"?>
<!-- Generated by org.testng.reporters.JUnitReportReporter -->
<testsuite hostname="DESKTOP-J8P67SI" failures="0" tests="3" name="com.example.my_maven_project.testcase.Product_Price_List_V2_Testcase" time="155.591" errors="0" timestamp="2026-02-25T17:22:04 PST" skipped="0">
  <testcase classname="com.example.my_maven_project.testcase.Product_Price_List_V2_Testcase" name="click_category_filter_proper_data" time="113.756"/>
  <testcase classname="com.example.my_maven_project.testcase.Product_Price_List_V2_Testcase" name="click_product_type_filter_proper_data" time="21.354"/>
  <testcase classname="com.example.my_maven_project.testcase.Product_Price_List_V2_Testcase" name="click_All_filter_proper_data" time="20.481"/>
</testsuite> <!-- com.example.my_maven_project.testcase.Product_Price_List_V2_Testcase -->
