<?xml version="1.0" encoding="UTF-8"?>
<!-- Generated by org.testng.reporters.JUnitReportReporter -->
<testsuite hostname="DESKTOP-J8P67SI" failures="0" tests="1" name="com.example.my_maven_project.testcase.Market_TransferTestcase" time="20.885" errors="0" timestamp="2026-04-09T23:31:17 BDT" skipped="0">
  <testcase classname="com.example.my_maven_project.testcase.Market_TransferTestcase" name="click_office_field_valid" time="20.885"/>
</testsuite> <!-- com.example.my_maven_project.testcase.Market_TransferTestcase -->
