<?xml version="1.0" encoding="UTF-8"?>
<!-- Generated by org.testng.reporters.JUnitReportReporter -->
<testsuite hostname="DESKTOP-J8P67SI" failures="0" tests="2" name="com.example.my_maven_project.testcase.CT_Return_Challan_Testcase" time="95.981" errors="0" timestamp="2026-03-09T02:28:37 BDT" skipped="0">
  <testcase classname="com.example.my_maven_project.testcase.CT_Return_Challan_Testcase" name="click_Valid_SAP_StatusFilter" time="33.527"/>
  <testcase classname="com.example.my_maven_project.testcase.CT_Return_Challan_Testcase" name="click_Valid_AllFilter" time="62.454"/>
</testsuite> <!-- com.example.my_maven_project.testcase.CT_Return_Challan_Testcase -->
