<?xml version="1.0" encoding="UTF-8"?>
<!-- Generated by org.testng.reporters.JUnitReportReporter -->
<testsuite hostname="DESKTOP-J8P67SI" failures="0" tests="1" name="com.example.my_maven_project.testcase.MarketTestCase" time="27.765" errors="0" timestamp="2026-04-08T23:27:53 BDT" skipped="0">
  <testcase classname="com.example.my_maven_project.testcase.MarketTestCase" name="fill_all_field_search_reset" time="27.765"/>
</testsuite> <!-- com.example.my_maven_project.testcase.MarketTestCase -->
