<?xml version="1.0" encoding="UTF-8"?>
<!-- Generated by org.testng.reporters.JUnitReportReporter -->
<testsuite hostname="DESKTOP-J8P67SI" failures="0" tests="1" name="com.example.my_maven_project.testcase.Product_Measurement_Unit_Testcase" time="99.706" errors="0" timestamp="2026-02-22T16:15:41 PST" skipped="0">
  <testcase classname="com.example.my_maven_project.testcase.Product_Measurement_Unit_Testcase" name="click_Measurement_edit_create_name" time="99.706"/>
</testsuite> <!-- com.example.my_maven_project.testcase.Product_Measurement_Unit_Testcase -->
