<?xml version="1.0" encoding="UTF-8"?>
<!-- Generated by org.testng.reporters.JUnitReportReporter -->
<testsuite hostname="DESKTOP-J8P67SI" failures="0" tests="1" name="com.example.my_maven_project.testcase.Bonus_Card_Testcase" time="26.069" errors="0" timestamp="2026-02-24T06:58:36 PST" skipped="0">
  <testcase classname="com.example.my_maven_project.testcase.Bonus_Card_Testcase" name="click_edit_Bonus_Card_All_field_with_proper_data" time="26.069"/>
</testsuite> <!-- com.example.my_maven_project.testcase.Bonus_Card_Testcase -->
