<?xml version="1.0" encoding="UTF-8"?>
<!-- Generated by org.testng.reporters.JUnitReportReporter -->
<testsuite hostname="DESKTOP-J8P67SI" failures="0" tests="1" name="com.example.my_maven_project.testcase.Variant_List_Testcase" time="32.438" errors="0" timestamp="2026-02-23T13:47:26 PST" skipped="0">
  <testcase classname="com.example.my_maven_project.testcase.Variant_List_Testcase" name="click_variant_Delete_Data" time="32.438"/>
</testsuite> <!-- com.example.my_maven_project.testcase.Variant_List_Testcase -->
