<?xml version="1.0" encoding="UTF-8"?>
<!-- Generated by org.testng.reporters.JUnitReportReporter -->
<testsuite hostname="DESKTOP-J8P67SI" failures="0" tests="1" name="com.example.my_maven_project.testcase.Vat_Executing_Testcase" time="53.908" errors="0" timestamp="2026-03-04T05:30:13 PST" skipped="0">
  <testcase classname="com.example.my_maven_project.testcase.Vat_Executing_Testcase" name="click_valid_Product_Other_Field_Proper_Data" time="53.908"/>
</testsuite> <!-- com.example.my_maven_project.testcase.Vat_Executing_Testcase -->
