<?xml version="1.0" encoding="UTF-8"?>
<!-- Generated by org.testng.reporters.JUnitReportReporter -->
<testsuite hostname="DESKTOP-J8P67SI" failures="0" tests="1" name="com.example.my_maven_project.testcase.District_TestCase" time="54.439" errors="0" timestamp="2026-03-17T02:12:36 BDT" skipped="0">
  <testcase classname="com.example.my_maven_project.testcase.District_TestCase" name="click_EnterFilterNameDivision" time="54.439"/>
</testsuite> <!-- com.example.my_maven_project.testcase.District_TestCase -->
