<?xml version="1.0" encoding="UTF-8"?>
<!-- Generated by org.testng.reporters.JUnitReportReporter -->
<testsuite hostname="DESKTOP-J8P67SI" failures="0" tests="1" name="com.example.my_maven_project.testcase.Brand_List_Testcase" time="12.450" errors="0" timestamp="2026-02-23T11:37:43 PST" skipped="0">
  <testcase classname="com.example.my_maven_project.testcase.Brand_List_Testcase" name="click_edit_delete_brand_Name" time="12.450"/>
</testsuite> <!-- com.example.my_maven_project.testcase.Brand_List_Testcase -->
