<?xml version="1.0" encoding="UTF-8"?>
<!-- Generated by org.testng.reporters.JUnitReportReporter -->
<testsuite hostname="DESKTOP-J8P67SI" failures="0" tests="1" name="com.example.my_maven_project.testcase.NCP_Replacement_Settings_Testcase" time="27.199" errors="0" timestamp="2026-03-09T01:23:46 PDT" skipped="0">
  <testcase classname="com.example.my_maven_project.testcase.NCP_Replacement_Settings_Testcase" name="click_Add_Replace_Productwith_Valid_Data" time="27.199"/>
</testsuite> <!-- com.example.my_maven_project.testcase.NCP_Replacement_Settings_Testcase -->
