<?xml version="1.0" encoding="UTF-8"?>
<!-- Generated by org.testng.reporters.JUnitReportReporter -->
<testsuite hostname="DESKTOP-J8P67SI" failures="0" tests="1" name="com.example.my_maven_project.testcase.National_Sales_Target_Testcase" time="50.349" errors="0" timestamp="2026-03-15T03:06:44 BDT" skipped="0">
  <testcase classname="com.example.my_maven_project.testcase.National_Sales_Target_Testcase" name="click_validAllField" time="50.349"/>
</testsuite> <!-- com.example.my_maven_project.testcase.National_Sales_Target_Testcase -->
