<?xml version="1.0" encoding="UTF-8"?>
<!-- Generated by org.testng.reporters.JUnitReportReporter -->
<testsuite hostname="DESKTOP-J8P67SI" failures="0" tests="16" name="com.example.my_maven_project.testcase.Special_Group_Testcase" time="336.533" errors="0" timestamp="2026-03-02T00:38:22 PST" skipped="0">
  <testcase classname="com.example.my_maven_project.testcase.Special_Group_Testcase" name="click_blank_policyname_other_field_proper_data" time="16.347"/>
  <testcase classname="com.example.my_maven_project.testcase.Special_Group_Testcase" name="click_blank_rename_other_field_proper_data" time="24.893"/>
  <testcase classname="com.example.my_maven_project.testcase.Special_Group_Testcase" name="click_blank_startDate_other_field_proper_data" time="16.824"/>
  <testcase classname="com.example.my_maven_project.testcase.Special_Group_Testcase" name="click_blank_EndDate_other_field_proper_data" time="17.462"/>
  <testcase classname="com.example.my_maven_project.testcase.Special_Group_Testcase" name="click_blank_uncheck_territory_other_field_proper_data" time="25.688"/>
  <testcase classname="com.example.my_maven_project.testcase.Special_Group_Testcase" name="click_blank_outletGroup_territory_other_field_proper_data" time="26.045"/>
  <testcase classname="com.example.my_maven_project.testcase.Special_Group_Testcase" name="click_all_field_with_proper_data" time="29.995"/>
  <testcase classname="com.example.my_maven_project.testcase.Special_Group_Testcase" name="click_view_special_group" time="12.759"/>
  <testcase classname="com.example.my_maven_project.testcase.Special_Group_Testcase" name="click_edit_blank_policyname_other_field_with_proper_data" time="12.231"/>
  <testcase classname="com.example.my_maven_project.testcase.Special_Group_Testcase" name="click_edit_blank_remarks_other_field_with_proper_data" time="23.886"/>
  <testcase classname="com.example.my_maven_project.testcase.Special_Group_Testcase" name="click_edit_blank_StartDate_other_field_with_proper_data" time="16.917"/>
  <testcase classname="com.example.my_maven_project.testcase.Special_Group_Testcase" name="click_edit_blank_EndDate_other_field_with_proper_data" time="16.901"/>
  <testcase classname="com.example.my_maven_project.testcase.Special_Group_Testcase" name="click_edit_blank_territory_other_field_with_proper_data" time="24.315"/>
  <testcase classname="com.example.my_maven_project.testcase.Special_Group_Testcase" name="click_edit_blank_outletGroup_other_field_with_proper_data" time="26.284"/>
  <testcase classname="com.example.my_maven_project.testcase.Special_Group_Testcase" name="click_edit_all_field_with_proper_data" time="30.227"/>
  <testcase classname="com.example.my_maven_project.testcase.Special_Group_Testcase" name="click_delete_special_group" time="15.759"/>
</testsuite> <!-- com.example.my_maven_project.testcase.Special_Group_Testcase -->
