<?xml version="1.0" encoding="UTF-8"?>
<!-- Generated by org.testng.reporters.JUnitReportReporter -->
<testsuite hostname="DESKTOP-J8P67SI" failures="0" tests="1" name="com.example.my_maven_project.testcase.Transfer_ThanaTestCase" time="22.510" errors="0" timestamp="2026-04-06T00:15:15 BDT" skipped="0">
  <testcase classname="com.example.my_maven_project.testcase.Transfer_ThanaTestCase" name="all_fields_valid" time="22.510"/>
</testsuite> <!-- com.example.my_maven_project.testcase.Transfer_ThanaTestCase -->
