<?xml version="1.0" encoding="UTF-8"?>
<!-- Generated by org.testng.reporters.JUnitReportReporter -->
<testsuite hostname="DESKTOP-J8P67SI" failures="0" tests="1" name="com.example.my_maven_project.testcase.Division_Testcase" time="22.821" errors="0" timestamp="2026-03-16T01:11:03 BDT" skipped="0">
  <testcase classname="com.example.my_maven_project.testcase.Division_Testcase" name="click_valid_EditNameRangpur" time="22.821"/>
</testsuite> <!-- com.example.my_maven_project.testcase.Division_Testcase -->
