<?xml version="1.0" encoding="UTF-8"?>
<!-- Generated by org.testng.reporters.JUnitReportReporter -->
<testsuite hostname="DESKTOP-J8P67SI" failures="0" tests="1" name="com.example.my_maven_project.testcase.Bonus_Card_Type_Testcase" time="25.039" errors="0" timestamp="2026-02-25T05:30:31 PST" skipped="0">
  <testcase classname="com.example.my_maven_project.testcase.Bonus_Card_Type_Testcase" name="click_Delete_Type_Name" time="25.039"/>
</testsuite> <!-- com.example.my_maven_project.testcase.Bonus_Card_Type_Testcase -->
