<?xml version="1.0" encoding="UTF-8"?>
<!-- Generated by org.testng.reporters.JUnitReportReporter -->
<testsuite hostname="DESKTOP-J8P67SI" failures="0" tests="1" name="com.example.my_maven_project.testcase.ThanaTestcase" time="27.029" errors="0" timestamp="2026-03-28T20:54:19 BDT" skipped="0">
  <testcase classname="com.example.my_maven_project.testcase.ThanaTestcase" name="click_Search_all_field_valid_data" time="27.029"/>
</testsuite> <!-- com.example.my_maven_project.testcase.ThanaTestcase -->
