<?xml version="1.0" encoding="UTF-8"?>
<!-- Generated by org.testng.reporters.JUnitReportReporter -->
<testsuite hostname="DESKTOP-J8P67SI" failures="0" tests="13" name="com.example.my_maven_project.testcase.Product_productlist_Testcase" time="893.567" errors="0" timestamp="2026-02-22T10:58:48 PST" skipped="0">
  <testcase classname="com.example.my_maven_project.testcase.Product_productlist_Testcase" name="Search_product_Name_Reset" time="44.952"/>
  <testcase classname="com.example.my_maven_project.testcase.Product_productlist_Testcase" name="Search_Category_Reset" time="63.517"/>
  <testcase classname="com.example.my_maven_project.testcase.Product_productlist_Testcase" name="Search_Brand_Reset" time="56.937"/>
  <testcase classname="com.example.my_maven_project.testcase.Product_productlist_Testcase" name="Search_Variant_Reset" time="59.002"/>
  <testcase classname="com.example.my_maven_project.testcase.Product_productlist_Testcase" name="Search_Measurement_Unit_Reset" time="63.831"/>
  <testcase classname="com.example.my_maven_project.testcase.Product_productlist_Testcase" name="Search_Product_Type_Reset" time="65.229"/>
  <testcase classname="com.example.my_maven_project.testcase.Product_productlist_Testcase" name="Search_Group_Name_Reset" time="61.158"/>
  <testcase classname="com.example.my_maven_project.testcase.Product_productlist_Testcase" name="Search_All_Field_Reset" time="111.302"/>
  <testcase classname="com.example.my_maven_project.testcase.Product_productlist_Testcase" name="Product_Rearrange" time="47.077"/>
  <testcase classname="com.example.my_maven_project.testcase.Product_productlist_Testcase" name="Product_view" time="44.075"/>
  <testcase classname="com.example.my_maven_project.testcase.Product_productlist_Testcase" name="Product_Edit_Blank_productName" time="84.131"/>
  <testcase classname="com.example.my_maven_project.testcase.Product_productlist_Testcase" name="Product_Edit_Blank_productName_Tik_pharma_sd" time="91.638"/>
  <testcase classname="com.example.my_maven_project.testcase.Product_productlist_Testcase" name="Product_Edit_right_productName_Tik_pharma_sd" time="100.718"/>
</testsuite> <!-- com.example.my_maven_project.testcase.Product_productlist_Testcase -->
