<?xml version="1.0" encoding="UTF-8"?>
<!-- Generated by org.testng.reporters.JUnitReportReporter -->
<testsuite hostname="DESKTOP-J8P67SI" failures="0" tests="1" name="com.example.my_maven_project.testcase.Special_Group_SR_Testcase" time="15.618" errors="0" timestamp="2026-03-02T03:21:26 PST" skipped="0">
  <testcase classname="com.example.my_maven_project.testcase.Special_Group_SR_Testcase" name="click_Delete_True_Special_Group_SR" time="15.618"/>
</testsuite> <!-- com.example.my_maven_project.testcase.Special_Group_SR_Testcase -->
