<?xml version="1.0" encoding="UTF-8"?>
<!-- Generated by org.testng.reporters.JUnitReportReporter -->
<testsuite hostname="DESKTOP-J8P67SI" failures="0" tests="2" name="com.example.my_maven_project.testcase.Return_Challan_SO_ASO_Testcase" time="81.202" errors="0" timestamp="2026-03-09T05:35:10 BDT" skipped="0">
  <testcase classname="com.example.my_maven_project.testcase.Return_Challan_SO_ASO_Testcase" name="click_valid_To_DateFilter" time="53.384"/>
  <testcase classname="com.example.my_maven_project.testcase.Return_Challan_SO_ASO_Testcase" name="click_valid_AllFilter" time="27.818"/>
</testsuite> <!-- com.example.my_maven_project.testcase.Return_Challan_SO_ASO_Testcase -->
