<?xml version="1.0" encoding="UTF-8"?>
<!-- Generated by org.testng.reporters.JUnitReportReporter -->
<testsuite hostname="DESKTOP-J8P67SI" failures="0" tests="2" name="com.example.my_maven_project.testcase.Special_Group_Testcase" time="80.548" errors="0" timestamp="2026-03-01T03:16:06 PST" skipped="0">
  <testcase classname="com.example.my_maven_project.testcase.Special_Group_Testcase" name="click_edit_all_field_with_proper_data" time="64.595"/>
  <testcase classname="com.example.my_maven_project.testcase.Special_Group_Testcase" name="click_delete_special_group" time="15.953"/>
</testsuite> <!-- com.example.my_maven_project.testcase.Special_Group_Testcase -->
