<?xml version="1.0" encoding="UTF-8"?>
<!-- Generated by org.testng.reporters.JUnitReportReporter -->
<testsuite hostname="DESKTOP-J8P67SI" failures="0" tests="1" name="com.example.my_maven_project.testcase.Product_Category_Testcase" time="61.400" errors="0" timestamp="2026-02-22T14:24:09 PST" skipped="0">
  <testcase classname="com.example.my_maven_project.testcase.Product_Category_Testcase" name="click_right_category_delete" time="61.400"/>
</testsuite> <!-- com.example.my_maven_project.testcase.Product_Category_Testcase -->
