<?xml version="1.0" encoding="UTF-8"?>
<!-- Generated by org.testng.reporters.JUnitReportReporter -->
<testsuite hostname="DESKTOP-J8P67SI" failures="0" tests="1" name="com.example.my_maven_project.testcase.Login_Page_Testcase" time="63.798" errors="0" timestamp="2026-02-25T17:22:04 PST" skipped="0">
  <testcase classname="com.example.my_maven_project.testcase.Login_Page_Testcase" name="click_Right_Username_Password" time="63.798"/>
</testsuite> <!-- com.example.my_maven_project.testcase.Login_Page_Testcase -->
