<?xml version="1.0" encoding="UTF-8"?>
<!-- Generated by org.testng.reporters.JUnitXMLReporter -->
<testsuite ignored="2" hostname="DESKTOP-J8P67SI" failures="0" tests="3" name="Esales_Test" time="105.627" errors="0" timestamp="2026-03-01T03:16:05 PST">
  <testcase classname="com.example.my_maven_project.testcase.Login_Page_Testcase" name="click_Right_Username_Password" time="24.947"/>
  <testcase classname="com.example.my_maven_project.testcase.Special_Group_Testcase" name="click_edit_all_field_with_proper_data" time="64.595"/>
  <testcase classname="com.example.my_maven_project.testcase.Special_Group_Testcase" name="click_delete_special_group" time="15.953"/>
  <testcase classname="com.example.my_maven_project.BaseTest" name="@BeforeSuite Setup" time="0.0">
    <ignored/>
  </testcase> <!-- @BeforeSuite Setup -->
  <testcase classname="com.example.my_maven_project.BaseTest" name="@AfterSuite teardown" time="0.0">
    <ignored/>
  </testcase> <!-- @AfterSuite teardown -->
</testsuite> <!-- Esales_Test -->
