<?xml version="1.0" encoding="UTF-8"?>
<!-- Generated by org.testng.reporters.JUnitXMLReporter -->
<testsuite ignored="2" hostname="DESKTOP-J8P67SI" failures="0" tests="2" name="Esales_Test" time="35.109" errors="0" timestamp="2026-04-09T23:31:16 BDT">
  <testcase classname="com.example.my_maven_project.testcase.Login_Page_Testcase" name="click_Right_Username_Password" time="14.053"/>
  <testcase classname="com.example.my_maven_project.testcase.Market_TransferTestcase" name="click_office_field_valid" time="20.885"/>
  <testcase classname="com.example.my_maven_project.BaseTest" name="@AfterSuite teardown" time="0.0">
    <ignored/>
  </testcase> <!-- @AfterSuite teardown -->
  <testcase classname="com.example.my_maven_project.BaseTest" name="@BeforeSuite Setup" time="0.0">
    <ignored/>
  </testcase> <!-- @BeforeSuite Setup -->
</testsuite> <!-- Esales_Test -->
